[debug] [2020-01-21T21:14:01.051Z] ----------------------------------------------------------------------
[debug] [2020-01-21T21:14:01.053Z] Command:       /usr/local/bin/node /usr/local/bin/firebase deploy
[debug] [2020-01-21T21:14:01.053Z] CLI Version:   5.0.1
[debug] [2020-01-21T21:14:01.053Z] Platform:      darwin
[debug] [2020-01-21T21:14:01.053Z] Node Version:  v10.16.3
[debug] [2020-01-21T21:14:01.054Z] Time:          Tue Jan 21 2020 14:14:01 GMT-0700 (Mountain Standard Time)
[debug] [2020-01-21T21:14:01.054Z] ----------------------------------------------------------------------
[debug] 
[debug] [2020-01-21T21:14:01.061Z] > command requires scopes: ["email","openid","https://www.googleapis.com/auth/cloudplatformprojects.readonly","https://www.googleapis.com/auth/firebase","https://www.googleapis.com/auth/cloud-platform"]
[debug] [2020-01-21T21:14:01.062Z] > authorizing via signed-in user
[debug] [2020-01-21T21:14:01.062Z] [iam] checking project jakesherwood-85538 for permissions ["cloudfunctions.functions.create","cloudfunctions.functions.delete","cloudfunctions.functions.get","cloudfunctions.functions.list","cloudfunctions.functions.update","cloudfunctions.operations.get","firebase.projects.get","firebasehosting.sites.update"]
[debug] [2020-01-21T21:14:01.063Z] >>> HTTP REQUEST POST https://cloudresourcemanager.googleapis.com/v1/projects/jakesherwood-85538:testIamPermissions  

[debug] [2020-01-21T21:14:01.319Z] <<< HTTP RESPONSE 200
[debug] [2020-01-21T21:14:01.321Z] >>> HTTP REQUEST GET https://admin.firebase.com/v1/projects/jakesherwood-85538  
 
[debug] [2020-01-21T21:14:02.120Z] Error: certificate has expired
    at TLSSocket.onConnectSecure (_tls_wrap.js:1058:34)
    at TLSSocket.emit (events.js:198:13)
    at TLSSocket.EventEmitter.emit (domain.js:448:20)
    at TLSSocket._finishInit (_tls_wrap.js:636:8)
[error] 
[error] Error: Server Error. certificate has expired
